# JRE version: OpenJDK Runtime Environment Temurin-17.0.7+7 (17.0.7+7) (build 17.0.7+7)
# Java VM: OpenJDK 64-Bit Server VM Temurin-17.0.7+7 (17.0.7+7, mixed mode, sharing, tiered, compressed oops, compressed class ptrs, g1 gc, windows-amd64)
GC Precious Log:
 CPUs: 2 total, 2 available
 Memory: 3986M
 Large Page Support: Disabled
 NUMA Support: Disabled
 Compressed Oops: Enabled (32-bit)
 Heap Region Size: 1M
 Heap Min Capacity: 64M
 Heap Initial Capacity: 64M
 Heap Max Capacity: 64M
 Pre-touch: Disabled
 Parallel Workers: 2
 Concurrent Workers: 1
 Concurrent Refinement Workers: 2
 Periodic GC: Disabled
Heap:
 garbage-first heap   total 65536K, used 17695K [0x00000000fc000000, 0x0000000100000000)
  region size 1024K, 10 young (10240K), 3 survivors (3072K)
 Metaspace       used 9004K, committed 9216K, reserved 1114112K
  class space    used 1168K, committed 1280K, reserved 1048576K
GC Heap History (8 events):
Event: 87.823 GC heap before
{Heap before GC invocations=0 (full 0):
 garbage-first heap   total 65536K, used 5120K [0x00000000fc000000, 0x0000000100000000)
  region size 1024K, 6 young (6144K), 0 survivors (0K)
 Metaspace       used 1628K, committed 1728K, reserved 1114112K
  class space    used 155K, committed 192K, reserved 1048576K
}
Event: 93.267 GC heap after
{Heap after GC invocations=1 (full 0):
 garbage-first heap   total 65536K, used 1591K [0x00000000fc000000, 0x0000000100000000)
  region size 1024K, 1 young (1024K), 1 survivors (1024K)
 Metaspace       used 1628K, committed 1728K, reserved 1114112K
  class space    used 155K, committed 192K, reserved 1048576K
}
Event: 116.182 GC heap before
{Heap before GC invocations=1 (full 0):
 garbage-first heap   total 65536K, used 5687K [0x00000000fc000000, 0x0000000100000000)
  region size 1024K, 5 young (5120K), 1 survivors (1024K)
 Metaspace       used 1669K, committed 1728K, reserved 1114112K
  class space    used 155K, committed 192K, reserved 1048576K
}
Event: 116.184 GC heap after
{Heap after GC invocations=2 (full 0):
 garbage-first heap   total 65536K, used 1927K [0x00000000fc000000, 0x0000000100000000)
  region size 1024K, 1 young (1024K), 1 survivors (1024K)
 Metaspace       used 1669K, committed 1728K, reserved 1114112K
  class space    used 155K, committed 192K, reserved 1048576K
}
Event: 195.487 GC heap before
{Heap before GC invocations=2 (full 0):
 garbage-first heap   total 65536K, used 16263K [0x00000000fc000000, 0x0000000100000000)
  region size 1024K, 12 young (12288K), 1 survivors (1024K)
 Metaspace       used 3490K, committed 3648K, reserved 1114112K
  class space    used 424K, committed 512K, reserved 1048576K
}
Event: 195.553 GC heap after
{Heap after GC invocations=3 (full 0):
 garbage-first heap   total 65536K, used 10672K [0x00000000fc000000, 0x0000000100000000)
  region size 1024K, 2 young (2048K), 2 survivors (2048K)
 Metaspace       used 3490K, committed 3648K, reserved 1114112K
  class space    used 424K, committed 512K, reserved 1048576K
}
Event: 331.375 GC heap before
{Heap before GC invocations=3 (full 0):
 garbage-first heap   total 65536K, used 26032K [0x00000000fc000000, 0x0000000100000000)
  region size 1024K, 17 young (17408K), 2 survivors (2048K)
 Metaspace       used 8191K, committed 8384K, reserved 1114112K
  class space    used 1094K, committed 1152K, reserved 1048576K
}
Event: 331.402 GC heap after
{Heap after GC invocations=4 (full 0):
 garbage-first heap   total 65536K, used 12575K [0x00000000fc000000, 0x0000000100000000)
  region size 1024K, 3 young (3072K), 3 survivors (3072K)
 Metaspace       used 8191K, committed 8384K, reserved 1114112K
  class space    used 1094K, committed 1152K, reserved 1048576K
}

